<?xml version="1.0" encoding="UTF-8"?>
<!-- Generated by org.testng.reporters.JUnitXMLReporter -->
<testsuite ignored="4" hostname="Navi" failures="0" tests="5" name="Test" time="13.085" errors="0" timestamp="2024-03-14T15:06:55 IST">
  <testcase classname="jsonSimple.jsonDataCreator" name="jsondata1" time="0.109"/>
  <testcase classname="jsonSimple.jsonDataCreator" name="jsondata2" time="0.001"/>
  <testcase classname="com.framework.servicenow.tests.rest.TC001_CreateIncident_ConfigurationManager" name="createIncident" time="5.288"/>
  <testcase classname="com.framework.servicenow.tests.rest.TC002_UpdateIncident_ConfigurationManager" name="updateIncident" time="3.298"/>
  <testcase classname="com.framework.servicenow.tests.rest.TC003_DeleteIncident_ConfigurationManager" name="deleteIncident" time="3.832"/>
  <testcase classname="com.framework.utils.Reporter" name="@BeforeSuite startReport" time="0.0">
    <ignored/>
  </testcase> <!-- @BeforeSuite startReport -->
  <testcase classname="com.framework.utils.Reporter" name="@BeforeSuite startReport" time="0.0">
    <ignored/>
  </testcase> <!-- @BeforeSuite startReport -->
  <testcase classname="com.framework.utils.Reporter" name="@AfterSuite endResult" time="0.0">
    <ignored/>
  </testcase> <!-- @AfterSuite endResult -->
  <testcase classname="com.framework.utils.Reporter" name="@AfterSuite endResult" time="0.0">
    <ignored/>
  </testcase> <!-- @AfterSuite endResult -->
</testsuite> <!-- Test -->
