<?xml version="1.0" encoding="UTF-8"?>
<testng-results ignored="0" total="1" passed="1" failed="0" skipped="0">
  <reporter-output>
  </reporter-output>
  <suite started-at="2024-03-14T14:57:52 IST" name="Default suite" finished-at="2024-03-14T14:59:23 IST" duration-ms="90918">
    <groups>
      <group name="cucumber">
        <method signature="AbstractTestNGCucumberTests.runScenario(io.cucumber.testng.PickleWrapper,io.cucumber.testng.FeatureWrapper)[pri:0, instance:com.servicenow.testcases.TC_001Create_Incident@55b0dcab]" name="runScenario" class="io.cucumber.testng.AbstractTestNGCucumberTests"/>
      </group> <!-- cucumber -->
    </groups>
    <test started-at="2024-03-14T14:57:52 IST" name="Default test" finished-at="2024-03-14T14:59:23 IST" duration-ms="90918">
      <class name="com.servicenow.testcases.TC_001Create_Incident">
        <test-method is-config="true" signature="startReport()[pri:0, instance:com.servicenow.testcases.TC_001Create_Incident@55b0dcab]" started-at="2024-03-14T14:57:52 IST" name="startReport" finished-at="2024-03-14T14:57:52 IST" duration-ms="163" status="PASS">
          <reporter-output>
          </reporter-output>
        </test-method> <!-- startReport -->
        <test-method is-config="true" signature="setfileName()[pri:0, instance:com.servicenow.testcases.TC_001Create_Incident@55b0dcab]" started-at="2024-03-14T14:57:52 IST" name="setfileName" finished-at="2024-03-14T14:57:52 IST" duration-ms="1" status="PASS">
          <reporter-output>
          </reporter-output>
        </test-method> <!-- setfileName -->
        <test-method is-config="true" signature="setUpClass(org.testng.ITestContext)[pri:0, instance:com.servicenow.testcases.TC_001Create_Incident@55b0dcab]" started-at="2024-03-14T14:57:52 IST" name="setUpClass" finished-at="2024-03-14T14:57:52 IST" duration-ms="140" status="PASS">
          <params>
            <param index="0">
              <value>
                <![CDATA[org.testng.TestRunner@5e67a490]]>
              </value>
            </param>
          </params>
          <reporter-output>
          </reporter-output>
        </test-method> <!-- setUpClass -->
        <test-method is-config="true" signature="startTestCase()[pri:0, instance:com.servicenow.testcases.TC_001Create_Incident@55b0dcab]" started-at="2024-03-14T14:57:52 IST" name="startTestCase" finished-at="2024-03-14T14:57:52 IST" duration-ms="6" status="PASS">
          <reporter-output>
          </reporter-output>
        </test-method> <!-- startTestCase -->
        <test-method is-config="true" signature="preCondition()[pri:0, instance:com.servicenow.testcases.TC_001Create_Incident@55b0dcab]" started-at="2024-03-14T14:57:52 IST" name="preCondition" finished-at="2024-03-14T14:58:06 IST" duration-ms="13815" status="PASS">
          <reporter-output>
          </reporter-output>
        </test-method> <!-- preCondition -->
        <test-method signature="runCreateIncident()[pri:0, instance:com.servicenow.testcases.TC_001Create_Incident@55b0dcab]" started-at="2024-03-14T14:58:06 IST" name="runCreateIncident" finished-at="2024-03-14T14:59:23 IST" duration-ms="76928" status="PASS">
          <reporter-output>
          </reporter-output>
        </test-method> <!-- runCreateIncident -->
        <test-method is-config="true" signature="postCondition()[pri:0, instance:com.servicenow.testcases.TC_001Create_Incident@55b0dcab]" started-at="2024-03-14T14:59:23 IST" name="postCondition" finished-at="2024-03-14T14:59:23 IST" duration-ms="1" status="PASS">
          <reporter-output>
          </reporter-output>
        </test-method> <!-- postCondition -->
        <test-method is-config="true" signature="tearDownClass()[pri:0, instance:com.servicenow.testcases.TC_001Create_Incident@55b0dcab]" started-at="2024-03-14T14:59:23 IST" name="tearDownClass" finished-at="2024-03-14T14:59:23 IST" duration-ms="3" status="PASS">
          <reporter-output>
          </reporter-output>
        </test-method> <!-- tearDownClass -->
        <test-method is-config="true" signature="endResult()[pri:0, instance:com.servicenow.testcases.TC_001Create_Incident@55b0dcab]" started-at="2024-03-14T14:59:23 IST" name="endResult" finished-at="2024-03-14T14:59:23 IST" duration-ms="392" status="PASS">
          <reporter-output>
          </reporter-output>
        </test-method> <!-- endResult -->
      </class> <!-- com.servicenow.testcases.TC_001Create_Incident -->
    </test> <!-- Default test -->
  </suite> <!-- Default suite -->
</testng-results>
