<?xml version="1.0" encoding="UTF-8"?>
<testng-results ignored="4" total="9" passed="5" failed="0" skipped="0">
  <reporter-output>
  </reporter-output>
  <suite started-at="2024-03-14T15:06:42 IST" name="Suite" finished-at="2024-03-14T15:06:55 IST" duration-ms="13085">
    <groups>
      <group name="cucumber">
        <method signature="AbstractTestNGCucumberTests.runScenario(io.cucumber.testng.PickleWrapper,io.cucumber.testng.FeatureWrapper)[pri:0, instance:com.framework.servicenow.tests.rest.TC002_UpdateIncident_ConfigurationManager@3023df74]" name="runScenario" class="io.cucumber.testng.AbstractTestNGCucumberTests"/>
        <method signature="AbstractTestNGCucumberTests.runScenario(io.cucumber.testng.PickleWrapper,io.cucumber.testng.FeatureWrapper)[pri:0, instance:com.framework.servicenow.tests.rest.TC003_DeleteIncident_ConfigurationManager@48f2bd5b]" name="runScenario" class="io.cucumber.testng.AbstractTestNGCucumberTests"/>
        <method signature="AbstractTestNGCucumberTests.runScenario(io.cucumber.testng.PickleWrapper,io.cucumber.testng.FeatureWrapper)[pri:0, instance:com.framework.servicenow.tests.rest.TC001_CreateIncident_ConfigurationManager@4c371370]" name="runScenario" class="io.cucumber.testng.AbstractTestNGCucumberTests"/>
      </group> <!-- cucumber -->
    </groups>
    <test started-at="2024-03-14T15:06:42 IST" name="Test" finished-at="2024-03-14T15:06:55 IST" duration-ms="13085">
      <class name="com.framework.servicenow.tests.rest.TC001_CreateIncident_ConfigurationManager">
        <test-method is-config="true" signature="startReport()[pri:0, instance:com.framework.servicenow.tests.rest.TC001_CreateIncident_ConfigurationManager@4c371370]" started-at="2024-03-14T15:06:42 IST" name="startReport" finished-at="2024-03-14T15:06:42 IST" duration-ms="116" status="PASS">
          <reporter-output>
          </reporter-output>
        </test-method> <!-- startReport -->
        <test-method is-config="true" signature="setValues()[pri:0, instance:com.framework.servicenow.tests.rest.TC001_CreateIncident_ConfigurationManager@4c371370]" started-at="2024-03-14T15:06:42 IST" name="setValues" finished-at="2024-03-14T15:06:42 IST" duration-ms="0" status="PASS">
          <reporter-output>
          </reporter-output>
        </test-method> <!-- setValues -->
        <test-method is-config="true" signature="setUpClass(org.testng.ITestContext)[pri:0, instance:com.framework.servicenow.tests.rest.TC001_CreateIncident_ConfigurationManager@4c371370]" started-at="2024-03-14T15:06:42 IST" name="setUpClass" finished-at="2024-03-14T15:06:42 IST" duration-ms="122" status="PASS">
          <params>
            <param index="0">
              <value>
                <![CDATA[org.testng.TestRunner@46e388ec]]>
              </value>
            </param>
          </params>
          <reporter-output>
          </reporter-output>
        </test-method> <!-- setUpClass -->
        <test-method is-config="true" signature="startTestCase()[pri:0, instance:com.framework.servicenow.tests.rest.TC001_CreateIncident_ConfigurationManager@4c371370]" started-at="2024-03-14T15:06:42 IST" name="startTestCase" finished-at="2024-03-14T15:06:42 IST" duration-ms="4" status="PASS">
          <reporter-output>
          </reporter-output>
        </test-method> <!-- startTestCase -->
        <test-method is-config="true" signature="beforeMethod()[pri:0, instance:com.framework.servicenow.tests.rest.TC001_CreateIncident_ConfigurationManager@4c371370]" started-at="2024-03-14T15:06:42 IST" name="beforeMethod" finished-at="2024-03-14T15:06:43 IST" duration-ms="379" status="PASS">
          <reporter-output>
          </reporter-output>
        </test-method> <!-- beforeMethod -->
        <test-method signature="createIncident(java.io.File)[pri:0, instance:com.framework.servicenow.tests.rest.TC001_CreateIncident_ConfigurationManager@4c371370]" started-at="2024-03-14T15:06:43 IST" name="createIncident" data-provider="fetchData" finished-at="2024-03-14T15:06:48 IST" depends-on-methods="jsonSimple.jsonDataCreator.jsondata1" duration-ms="5288" status="PASS">
          <params>
            <param index="0">
              <value>
                <![CDATA[.\data\TC001.JSON]]>
              </value>
            </param>
          </params>
          <reporter-output>
          </reporter-output>
        </test-method> <!-- createIncident -->
        <test-method is-config="true" signature="tearDownClass()[pri:0, instance:com.framework.servicenow.tests.rest.TC001_CreateIncident_ConfigurationManager@4c371370]" started-at="2024-03-14T15:06:48 IST" name="tearDownClass" finished-at="2024-03-14T15:06:48 IST" duration-ms="2" status="PASS">
          <reporter-output>
          </reporter-output>
        </test-method> <!-- tearDownClass -->
        <test-method is-config="true" signature="endResult()[pri:0, instance:com.framework.servicenow.tests.rest.TC001_CreateIncident_ConfigurationManager@4c371370]" started-at="2024-03-14T15:06:55 IST" name="endResult" finished-at="2024-03-14T15:06:55 IST" duration-ms="279" status="PASS">
          <reporter-output>
          </reporter-output>
        </test-method> <!-- endResult -->
      </class> <!-- com.framework.servicenow.tests.rest.TC001_CreateIncident_ConfigurationManager -->
      <class name="jsonSimple.jsonDataCreator">
        <test-method signature="jsondata1()[pri:0, instance:jsonSimple.jsonDataCreator@294425a7]" started-at="2024-03-14T15:06:42 IST" name="jsondata1" finished-at="2024-03-14T15:06:42 IST" duration-ms="109" status="PASS">
          <reporter-output>
          </reporter-output>
        </test-method> <!-- jsondata1 -->
        <test-method signature="jsondata2()[pri:0, instance:jsonSimple.jsonDataCreator@294425a7]" started-at="2024-03-14T15:06:42 IST" name="jsondata2" finished-at="2024-03-14T15:06:42 IST" duration-ms="1" status="PASS">
          <reporter-output>
          </reporter-output>
        </test-method> <!-- jsondata2 -->
      </class> <!-- jsonSimple.jsonDataCreator -->
      <class name="com.framework.servicenow.tests.rest.TC002_UpdateIncident_ConfigurationManager">
        <test-method is-config="true" signature="setValues()[pri:0, instance:com.framework.servicenow.tests.rest.TC002_UpdateIncident_ConfigurationManager@3023df74]" started-at="2024-03-14T15:06:42 IST" name="setValues" finished-at="2024-03-14T15:06:42 IST" duration-ms="0" status="PASS">
          <reporter-output>
          </reporter-output>
        </test-method> <!-- setValues -->
        <test-method is-config="true" signature="setUpClass(org.testng.ITestContext)[pri:0, instance:com.framework.servicenow.tests.rest.TC002_UpdateIncident_ConfigurationManager@3023df74]" started-at="2024-03-14T15:06:48 IST" name="setUpClass" finished-at="2024-03-14T15:06:48 IST" duration-ms="10" status="PASS">
          <params>
            <param index="0">
              <value>
                <![CDATA[org.testng.TestRunner@46e388ec]]>
              </value>
            </param>
          </params>
          <reporter-output>
          </reporter-output>
        </test-method> <!-- setUpClass -->
        <test-method is-config="true" signature="startTestCase()[pri:0, instance:com.framework.servicenow.tests.rest.TC002_UpdateIncident_ConfigurationManager@3023df74]" started-at="2024-03-14T15:06:48 IST" name="startTestCase" finished-at="2024-03-14T15:06:48 IST" duration-ms="0" status="PASS">
          <reporter-output>
          </reporter-output>
        </test-method> <!-- startTestCase -->
        <test-method is-config="true" signature="beforeMethod()[pri:0, instance:com.framework.servicenow.tests.rest.TC002_UpdateIncident_ConfigurationManager@3023df74]" started-at="2024-03-14T15:06:48 IST" name="beforeMethod" finished-at="2024-03-14T15:06:48 IST" duration-ms="1" status="PASS">
          <reporter-output>
          </reporter-output>
        </test-method> <!-- beforeMethod -->
        <test-method signature="updateIncident(java.io.File)[pri:0, instance:com.framework.servicenow.tests.rest.TC002_UpdateIncident_ConfigurationManager@3023df74]" started-at="2024-03-14T15:06:48 IST" name="updateIncident" data-provider="fetchData" finished-at="2024-03-14T15:06:51 IST" depends-on-methods="com.framework.servicenow.tests.rest.TC001_CreateIncident_ConfigurationManager.createIncident, jsonSimple.jsonDataCreator.jsondata2" duration-ms="3298" status="PASS">
          <params>
            <param index="0">
              <value>
                <![CDATA[.\data\TC002.JSON]]>
              </value>
            </param>
          </params>
          <reporter-output>
          </reporter-output>
        </test-method> <!-- updateIncident -->
        <test-method is-config="true" signature="tearDownClass()[pri:0, instance:com.framework.servicenow.tests.rest.TC002_UpdateIncident_ConfigurationManager@3023df74]" started-at="2024-03-14T15:06:51 IST" name="tearDownClass" finished-at="2024-03-14T15:06:51 IST" duration-ms="0" status="PASS">
          <reporter-output>
          </reporter-output>
        </test-method> <!-- tearDownClass -->
      </class> <!-- com.framework.servicenow.tests.rest.TC002_UpdateIncident_ConfigurationManager -->
      <class name="com.framework.servicenow.tests.rest.TC003_DeleteIncident_ConfigurationManager">
        <test-method is-config="true" signature="setValues()[pri:0, instance:com.framework.servicenow.tests.rest.TC003_DeleteIncident_ConfigurationManager@48f2bd5b]" started-at="2024-03-14T15:06:42 IST" name="setValues" finished-at="2024-03-14T15:06:42 IST" duration-ms="0" status="PASS">
          <reporter-output>
          </reporter-output>
        </test-method> <!-- setValues -->
        <test-method is-config="true" signature="setUpClass(org.testng.ITestContext)[pri:0, instance:com.framework.servicenow.tests.rest.TC003_DeleteIncident_ConfigurationManager@48f2bd5b]" started-at="2024-03-14T15:06:51 IST" name="setUpClass" finished-at="2024-03-14T15:06:51 IST" duration-ms="5" status="PASS">
          <params>
            <param index="0">
              <value>
                <![CDATA[org.testng.TestRunner@46e388ec]]>
              </value>
            </param>
          </params>
          <reporter-output>
          </reporter-output>
        </test-method> <!-- setUpClass -->
        <test-method is-config="true" signature="startTestCase()[pri:0, instance:com.framework.servicenow.tests.rest.TC003_DeleteIncident_ConfigurationManager@48f2bd5b]" started-at="2024-03-14T15:06:51 IST" name="startTestCase" finished-at="2024-03-14T15:06:51 IST" duration-ms="0" status="PASS">
          <reporter-output>
          </reporter-output>
        </test-method> <!-- startTestCase -->
        <test-method is-config="true" signature="beforeMethod()[pri:0, instance:com.framework.servicenow.tests.rest.TC003_DeleteIncident_ConfigurationManager@48f2bd5b]" started-at="2024-03-14T15:06:51 IST" name="beforeMethod" finished-at="2024-03-14T15:06:51 IST" duration-ms="1" status="PASS">
          <reporter-output>
          </reporter-output>
        </test-method> <!-- beforeMethod -->
        <test-method signature="deleteIncident()[pri:0, instance:com.framework.servicenow.tests.rest.TC003_DeleteIncident_ConfigurationManager@48f2bd5b]" started-at="2024-03-14T15:06:51 IST" name="deleteIncident" finished-at="2024-03-14T15:06:55 IST" depends-on-methods="com.framework.servicenow.tests.rest.TC002_UpdateIncident_ConfigurationManager.updateIncident" duration-ms="3832" status="PASS">
          <reporter-output>
          </reporter-output>
        </test-method> <!-- deleteIncident -->
        <test-method is-config="true" signature="tearDownClass()[pri:0, instance:com.framework.servicenow.tests.rest.TC003_DeleteIncident_ConfigurationManager@48f2bd5b]" started-at="2024-03-14T15:06:55 IST" name="tearDownClass" finished-at="2024-03-14T15:06:55 IST" duration-ms="0" status="PASS">
          <reporter-output>
          </reporter-output>
        </test-method> <!-- tearDownClass -->
      </class> <!-- com.framework.servicenow.tests.rest.TC003_DeleteIncident_ConfigurationManager -->
    </test> <!-- Test -->
  </suite> <!-- Suite -->
</testng-results>
